start: s
accept: ac
reject: rj
blank: _
s 0 -> a 2 >
s 1 -> a 3 >
s 5 -> findThr 1 <
s 4 -> findTwo 0 <
a 0 -> a 0 >
a 1 -> a 1 >
a 4 -> b 4 <
a 5 -> b 5 <
a _ -> b _ <
b 0 -> l 4 <
b 1 -> l 5 <
l 0 -> l 0 <
l 1 -> l 1 <
l 2 -> s 2 >
l 3 -> s 3 >
findThr 3 -> findThr 3 <
findThr 2 -> findThr 2 <
findThr 0 -> findThr 0 <
findThr 1 -> findThr 1 <
findThr _ -> checkThree _ >
findTwo 3 -> findTwo 3 <
findTwo 2 -> findTwo 2 <
findTwo 0 -> findTwo 0 <
findTwo 1 -> findTwo 1 <
findTwo _ -> checkTwo _ >
checkThree 3 -> r _ >
checkTwo 2 -> r _ >
r 0 -> r 0 >
r 1 -> r 1 >
r 2 -> r 2 >
r 3 -> r 3 >
r 4 -> s 4 ^
r 5 -> s 5 ^
r _ -> ac _ ^

